<?xml version="1.0" encoding="UTF-8"?>
<testsuite xmlns:xsi="http://www.w3.org/2001/XMLSchema-instance" xsi:noNamespaceSchemaLocation="https://maven.apache.org/surefire/maven-surefire-plugin/xsd/surefire-test-report-3.0.xsd" version="3.0" name="com.zosh.TreadingPlateformApplicationTests" time="32.093" tests="1" errors="0" skipped="0" failures="0">
  <properties>
[...]
</properties>
  <testcase name="contextLoads" classname="com.zosh.TreadingPlateformApplicationTests" time="0.852">
    <system-out><![CDATA[17:16:53.984 [main] INFO org.springframework.test.context.support.AnnotationConfigContextLoaderUtils -- Could not detect default configuration classes for test class [com.zosh.TreadingPlateformApplicationTests]: TreadingPlateformApplicationTests does not declare any static, non-private, non-final, nested classes annotated with @Configuration.
17:16:54.165 [main] INFO org.springframework.boot.test.context.SpringBootTestContextBootstrapper -- Found @SpringBootConfiguration com.zosh.TreadingPlateformApplication for test class com.zosh.TreadingPlateformApplicationTests
17:16:54.501 [main] INFO org.springframework.boot.devtools.restart.RestartApplicationListener -- Restart disabled due to context in which it is running

  .   ____          _            __ _ _
 /\\ / ___'_ __ _ _(_)_ __  __ _ \ \ \ \
( ( )\___ | '_ | '_| | '_ \/ _` | \ \ \ \
 \\/  ___)| |_)| | | | | || (_| |  ) ) ) )
  '  |____| .__|_| |_|_| |_\__, | / / / /
 =========|_|==============|___/=/_/_/_/
 :: Spring Boot ::                (v3.2.4)

2024-06-23T17:16:55.016+05:30  WARN 21217 --- [treading-plateform] [           main] ory$DuplicateJsonObjectContextCustomizer : 

Found multiple occurrences of org.json.JSONObject on the class path:

	jar:file:/Users/kartik/.m2/repository/com/vaadin/external/google/android-json/0.0.20131108.vaadin1/android-json-0.0.20131108.vaadin1.jar!/org/json/JSONObject.class
	jar:file:/Users/kartik/.m2/repository/org/json/json/20180130/json-20180130.jar!/org/json/JSONObject.class

You may wish to exclude one of them to ensure predictable runtime behavior

2024-06-23T17:16:55.041+05:30  INFO 21217 --- [treading-plateform] [           main] c.z.TreadingPlateformApplicationTests    : Starting TreadingPlateformApplicationTests using Java 17.0.9 with PID 21217 (started by kartik in /Users/kartik/Downloads/CryptoSphere/Backend-Spring boot)
2024-06-23T17:16:55.042+05:30  INFO 21217 --- [treading-plateform] [           main] c.z.TreadingPlateformApplicationTests    : No active profile set, falling back to 1 default profile: "default"
2024-06-23T17:16:56.700+05:30  INFO 21217 --- [treading-plateform] [           main] .s.d.r.c.RepositoryConfigurationDelegate : Bootstrapping Spring Data JPA repositories in DEFAULT mode.
2024-06-23T17:16:56.874+05:30  INFO 21217 --- [treading-plateform] [           main] .s.d.r.c.RepositoryConfigurationDelegate : Finished Spring Data repository scanning in 165 ms. Found 14 JPA repository interfaces.
2024-06-23T17:16:57.825+05:30  INFO 21217 --- [treading-plateform] [           main] o.hibernate.jpa.internal.util.LogHelper  : HHH000204: Processing PersistenceUnitInfo [name: default]
2024-06-23T17:16:57.885+05:30  INFO 21217 --- [treading-plateform] [           main] org.hibernate.Version                    : HHH000412: Hibernate ORM core version 6.4.4.Final
2024-06-23T17:16:57.918+05:30  INFO 21217 --- [treading-plateform] [           main] o.h.c.internal.RegionFactoryInitiator    : HHH000026: Second-level cache disabled
2024-06-23T17:16:58.191+05:30  INFO 21217 --- [treading-plateform] [           main] o.s.o.j.p.SpringPersistenceUnitInfo      : No LoadTimeWeaver setup: ignoring JPA class transformer
2024-06-23T17:16:58.226+05:30  INFO 21217 --- [treading-plateform] [           main] com.zaxxer.hikari.HikariDataSource       : HikariPool-1 - Starting...
2024-06-23T17:17:02.149+05:30  INFO 21217 --- [treading-plateform] [           main] com.zaxxer.hikari.pool.HikariPool        : HikariPool-1 - Added connection com.mysql.cj.jdbc.ConnectionImpl@4152bd0f
2024-06-23T17:17:02.163+05:30  INFO 21217 --- [treading-plateform] [           main] com.zaxxer.hikari.HikariDataSource       : HikariPool-1 - Start completed.
2024-06-23T17:17:05.343+05:30  INFO 21217 --- [treading-plateform] [           main] o.h.e.t.j.p.i.JtaPlatformInitiator       : HHH000489: No JTA platform available (set 'hibernate.transaction.jta.platform' to enable JTA platform integration)
2024-06-23T17:17:21.279+05:30  INFO 21217 --- [treading-plateform] [           main] j.LocalContainerEntityManagerFactoryBean : Initialized JPA EntityManagerFactory for persistence unit 'default'
2024-06-23T17:17:22.903+05:30  WARN 21217 --- [treading-plateform] [           main] JpaBaseConfiguration$JpaWebConfiguration : spring.jpa.open-in-view is enabled by default. Therefore, database queries may be performed during view rendering. Explicitly configure spring.jpa.open-in-view to disable this warning
2024-06-23T17:17:23.504+05:30  INFO 21217 --- [treading-plateform] [           main] o.s.s.web.DefaultSecurityFilterChain     : Will secure any request with [org.springframework.security.web.session.DisableEncodeUrlFilter@2c3a2935, org.springframework.security.web.context.request.async.WebAsyncManagerIntegrationFilter@2ca4b010, org.springframework.security.web.context.SecurityContextHolderFilter@4a577b99, org.springframework.security.web.header.HeaderWriterFilter@23bf19c9, org.springframework.web.filter.CorsFilter@83b39c3, org.springframework.security.web.authentication.logout.LogoutFilter@123fd460, org.springframework.security.oauth2.client.web.OAuth2AuthorizationRequestRedirectFilter@48d6248d, org.springframework.security.oauth2.client.web.OAuth2LoginAuthenticationFilter@588b02a0, com.zosh.config.JwtTokenValidator@1f7653ae, org.springframework.security.web.savedrequest.RequestCacheAwareFilter@50c442a5, org.springframework.security.web.servletapi.SecurityContextHolderAwareRequestFilter@4eb313ed, org.springframework.security.web.authentication.AnonymousAuthenticationFilter@62f8b2f4, org.springframework.security.web.session.SessionManagementFilter@12939937, org.springframework.security.web.access.ExceptionTranslationFilter@1b2213b2, org.springframework.security.web.access.intercept.AuthorizationFilter@3ae5cbb9]
2024-06-23T17:17:24.178+05:30  INFO 21217 --- [treading-plateform] [           main] c.z.TreadingPlateformApplicationTests    : Started TreadingPlateformApplicationTests in 29.689 seconds (process running for 31.438)
]]></system-out>
  </testcase>
</testsuite>